# JRE version: Java(TM) SE Runtime Environment (8.0_211-b12) (build 1.8.0_211-b12)
# Java VM: Java HotSpot(TM) 64-Bit Server VM (25.211-b12 mixed mode windows-amd64 compressed oops)
Heap:
 PSYoungGen      total 57344K, used 14949K [0x0000000780a00000, 0x0000000784a00000, 0x00000007c0000000)
  eden space 49152K, 30% used [0x0000000780a00000,0x0000000781899740,0x0000000783a00000)
  from space 8192K, 0% used [0x0000000783a00000,0x0000000783a00000,0x0000000784200000)
  to   space 8192K, 0% used [0x0000000784200000,0x0000000784200000,0x0000000784a00000)
 ParOldGen       total 96256K, used 7013K [0x0000000701e00000, 0x0000000707c00000, 0x0000000780a00000)
  object space 96256K, 7% used [0x0000000701e00000,0x00000007024d9508,0x0000000707c00000)
 Metaspace       used 19372K, capacity 20690K, committed 20864K, reserved 1071104K
  class space    used 2883K, capacity 3152K, committed 3200K, reserved 1048576K
GC Heap History (4 events):
Event: 1.048 GC heap before
{Heap before GC invocations=1 (full 0):
 PSYoungGen      total 57344K, used 38606K [0x0000000780a00000, 0x0000000784a00000, 0x00000007c0000000)
  eden space 49152K, 78% used [0x0000000780a00000,0x0000000782fb3a48,0x0000000783a00000)
  from space 8192K, 0% used [0x0000000784200000,0x0000000784200000,0x0000000784a00000)
  to   space 8192K, 0% used [0x0000000783a00000,0x0000000783a00000,0x0000000784200000)
 ParOldGen       total 131072K, used 0K [0x0000000701e00000, 0x0000000709e00000, 0x0000000780a00000)
  object space 131072K, 0% used [0x0000000701e00000,0x0000000701e00000,0x0000000709e00000)
 Metaspace       used 16734K, capacity 17446K, committed 17536K, reserved 1073152K
  class space    used 2475K, capacity 2649K, committed 2688K, reserved 1048576K
Event: 1.053 GC heap after
Heap after GC invocations=1 (full 0):
 PSYoungGen      total 57344K, used 7090K [0x0000000780a00000, 0x0000000784a00000, 0x00000007c0000000)
  eden space 49152K, 0% used [0x0000000780a00000,0x0000000780a00000,0x0000000783a00000)
  from space 8192K, 86% used [0x0000000783a00000,0x00000007840eca60,0x0000000784200000)
  to   space 8192K, 0% used [0x0000000784200000,0x0000000784200000,0x0000000784a00000)
 ParOldGen       total 131072K, used 80K [0x0000000701e00000, 0x0000000709e00000, 0x0000000780a00000)
  object space 131072K, 0% used [0x0000000701e00000,0x0000000701e14010,0x0000000709e00000)
 Metaspace       used 16734K, capacity 17446K, committed 17536K, reserved 1073152K
  class space    used 2475K, capacity 2649K, committed 2688K, reserved 1048576K
}
Event: 1.053 GC heap before
{Heap before GC invocations=2 (full 1):
 PSYoungGen      total 57344K, used 7090K [0x0000000780a00000, 0x0000000784a00000, 0x00000007c0000000)
  eden space 49152K, 0% used [0x0000000780a00000,0x0000000780a00000,0x0000000783a00000)
  from space 8192K, 86% used [0x0000000783a00000,0x00000007840eca60,0x0000000784200000)
  to   space 8192K, 0% used [0x0000000784200000,0x0000000784200000,0x0000000784a00000)
 ParOldGen       total 131072K, used 80K [0x0000000701e00000, 0x0000000709e00000, 0x0000000780a00000)
  object space 131072K, 0% used [0x0000000701e00000,0x0000000701e14010,0x0000000709e00000)
 Metaspace       used 16734K, capacity 17446K, committed 17536K, reserved 1073152K
  class space    used 2475K, capacity 2649K, committed 2688K, reserved 1048576K
Event: 1.073 GC heap after
Heap after GC invocations=2 (full 1):
 PSYoungGen      total 57344K, used 0K [0x0000000780a00000, 0x0000000784a00000, 0x00000007c0000000)
  eden space 49152K, 0% used [0x0000000780a00000,0x0000000780a00000,0x0000000783a00000)
  from space 8192K, 0% used [0x0000000783a00000,0x0000000783a00000,0x0000000784200000)
  to   space 8192K, 0% used [0x0000000784200000,0x0000000784200000,0x0000000784a00000)
 ParOldGen       total 96256K, used 7013K [0x0000000701e00000, 0x0000000707c00000, 0x0000000780a00000)
  object space 96256K, 7% used [0x0000000701e00000,0x00000007024d9508,0x0000000707c00000)
 Metaspace       used 16734K, capacity 17446K, committed 17536K, reserved 1069056K
  class space    used 2475K, capacity 2649K, committed 2688K, reserved 1048576K
}

