# JRE version: Java(TM) SE Runtime Environment (8.0_211-b12) (build 1.8.0_211-b12)
# Java VM: Java HotSpot(TM) 64-Bit Server VM (25.211-b12 mixed mode windows-amd64 compressed oops)
Heap:
 PSYoungGen      total 57344K, used 18129K [0x0000000780a00000, 0x0000000784a00000, 0x00000007c0000000)
  eden space 49152K, 36% used [0x0000000780a00000,0x0000000781bb45b8,0x0000000783a00000)
  from space 8192K, 0% used [0x0000000783a00000,0x0000000783a00000,0x0000000784200000)
  to   space 8192K, 0% used [0x0000000784200000,0x0000000784200000,0x0000000784a00000)
 ParOldGen       total 94720K, used 6389K [0x0000000701e00000, 0x0000000707a80000, 0x0000000780a00000)
  object space 94720K, 6% used [0x0000000701e00000,0x000000070243d4b0,0x0000000707a80000)
 Metaspace       used 19312K, capacity 20662K, committed 20864K, reserved 1069056K
  class space    used 2879K, capacity 3142K, committed 3200K, reserved 1048576K
GC Heap History (4 events):
Event: 0.925 GC heap before
{Heap before GC invocations=1 (full 0):
 PSYoungGen      total 57344K, used 35656K [0x0000000780a00000, 0x0000000784a00000, 0x00000007c0000000)
  eden space 49152K, 72% used [0x0000000780a00000,0x0000000782cd2168,0x0000000783a00000)
  from space 8192K, 0% used [0x0000000784200000,0x0000000784200000,0x0000000784a00000)
  to   space 8192K, 0% used [0x0000000783a00000,0x0000000783a00000,0x0000000784200000)
 ParOldGen       total 131072K, used 0K [0x0000000701e00000, 0x0000000709e00000, 0x0000000780a00000)
  object space 131072K, 0% used [0x0000000701e00000,0x0000000701e00000,0x0000000709e00000)
 Metaspace       used 15352K, capacity 15946K, committed 16000K, reserved 1069056K
  class space    used 2253K, capacity 2431K, committed 2432K, reserved 1048576K
Event: 0.931 GC heap after
Heap after GC invocations=1 (full 0):
 PSYoungGen      total 57344K, used 6514K [0x0000000780a00000, 0x0000000784a00000, 0x00000007c0000000)
  eden space 49152K, 0% used [0x0000000780a00000,0x0000000780a00000,0x0000000783a00000)
  from space 8192K, 79% used [0x0000000783a00000,0x000000078405ca60,0x0000000784200000)
  to   space 8192K, 0% used [0x0000000784200000,0x0000000784200000,0x0000000784a00000)
 ParOldGen       total 131072K, used 80K [0x0000000701e00000, 0x0000000709e00000, 0x0000000780a00000)
  object space 131072K, 0% used [0x0000000701e00000,0x0000000701e14010,0x0000000709e00000)
 Metaspace       used 15352K, capacity 15946K, committed 16000K, reserved 1069056K
  class space    used 2253K, capacity 2431K, committed 2432K, reserved 1048576K
}
Event: 0.931 GC heap before
{Heap before GC invocations=2 (full 1):
 PSYoungGen      total 57344K, used 6514K [0x0000000780a00000, 0x0000000784a00000, 0x00000007c0000000)
  eden space 49152K, 0% used [0x0000000780a00000,0x0000000780a00000,0x0000000783a00000)
  from space 8192K, 79% used [0x0000000783a00000,0x000000078405ca60,0x0000000784200000)
  to   space 8192K, 0% used [0x0000000784200000,0x0000000784200000,0x0000000784a00000)
 ParOldGen       total 131072K, used 80K [0x0000000701e00000, 0x0000000709e00000, 0x0000000780a00000)
  object space 131072K, 0% used [0x0000000701e00000,0x0000000701e14010,0x0000000709e00000)
 Metaspace       used 15352K, capacity 15946K, committed 16000K, reserved 1069056K
  class space    used 2253K, capacity 2431K, committed 2432K, reserved 1048576K
Event: 0.951 GC heap after
Heap after GC invocations=2 (full 1):
 PSYoungGen      total 57344K, used 0K [0x0000000780a00000, 0x0000000784a00000, 0x00000007c0000000)
  eden space 49152K, 0% used [0x0000000780a00000,0x0000000780a00000,0x0000000783a00000)
  from space 8192K, 0% used [0x0000000783a00000,0x0000000783a00000,0x0000000784200000)
  to   space 8192K, 0% used [0x0000000784200000,0x0000000784200000,0x0000000784a00000)
 ParOldGen       total 94720K, used 6389K [0x0000000701e00000, 0x0000000707a80000, 0x0000000780a00000)
  object space 94720K, 6% used [0x0000000701e00000,0x000000070243d4b0,0x0000000707a80000)
 Metaspace       used 15352K, capacity 15946K, committed 16000K, reserved 1067008K
  class space    used 2253K, capacity 2431K, committed 2432K, reserved 1048576K
}

